
Showing logs for build [32mcb-kubecd-bdd-gh-1583728951-pr-gnlzr-1[0m stage [32mfrom-build-pack[0m and container [32mstep-credential-initializer-6dzp8[0m
{"level":"warn","ts":1583729871.7203078,"logger":"fallback-logger","caller":"logging/config.go:69","msg":"Fetch GitHub commit ID from kodata failed: \"ref: refs/heads/0.8.0-**-support-backwards-incompats\" is not a valid GitHub commit ID"}
{"level":"info","ts":1583729871.7215948,"logger":"fallback-logger","caller":"creds-init/main.go:40","msg":"Credentials initialized."}

Showing logs for build [32mcb-kubecd-bdd-gh-1583728951-pr-gnlzr-1[0m stage [32mfrom-build-pack[0m and container [32mstep-working-dir-initializer-tdtbs[0m
{"level":"warn","ts":1583729872.8190084,"logger":"fallback-logger","caller":"logging/config.go:69","msg":"Fetch GitHub commit ID from kodata failed: open /var/run/ko/HEAD: no such file or directory"}
{"level":"info","ts":1583729872.8206427,"logger":"fallback-logger","caller":"bash/main.go:64","msg":"Successfully executed command \"sh -c mkdir -p /workspace/source\"; output "}

Showing logs for build [32mcb-kubecd-bdd-gh-1583728951-pr-gnlzr-1[0m stage [32mfrom-build-pack[0m and container [32mstep-place-tools[0m

Showing logs for build [32mcb-kubecd-bdd-gh-1583728951-pr-gnlzr-1[0m stage [32mfrom-build-pack[0m and container [32mstep-git-source-cb-kubecd-bdd-gh-1583728951-pr-gnlzr-4kgq6[0m
{"level":"warn","ts":1583729879.187265,"logger":"fallback-logger","caller":"logging/config.go:69","msg":"Fetch GitHub commit ID from kodata failed: \"ref: refs/heads/0.8.0-**-support-backwards-incompats\" is not a valid GitHub commit ID"}
{"level":"info","ts":1583729880.2424064,"logger":"fallback-logger","caller":"git/git.go:103","msg":"Successfully cloned https://github.com/cb-kubecd/bdd-gh-1583728951.git @ master in path /workspace/source"}

Showing logs for build [32mcb-kubecd-bdd-gh-1583728951-pr-gnlzr-1[0m stage [32mfrom-build-pack[0m and container [32mstep-git-merge[0m
Using SHAs from PULL_REFS=master:38e2f7baead61ba27aff44640481f7f047eb7ef1,1:f949c6b59ca5c62aded102a13fc175f6ad6b58f3
DEBUG: LC_ALL=C JX_LOG_LEVEL=error git fetch origin --unshallow f949c6b59ca5c62aded102a13fc175f6ad6b58f3: 38e2f7baead61ba27aff44640481f7f047eb7ef1:
DEBUG: ran git fetch --unshallow origin f949c6b59ca5c62aded102a13fc175f6ad6b58f3: 38e2f7baead61ba27aff44640481f7f047eb7ef1: in 
DEBUG: LC_ALL=C JX_LOG_LEVEL=error git branch
DEBUG: LC_ALL=C JX_LOG_LEVEL=error git checkout master
DEBUG: ran git checkout master in 
DEBUG: LC_ALL=C JX_LOG_LEVEL=error git reset --hard 38e2f7baead61ba27aff44640481f7f047eb7ef1
DEBUG: ran git reset --hard 38e2f7baead61ba27aff44640481f7f047eb7ef1 in 
DEBUG: LC_ALL=C JX_LOG_LEVEL=error git clean -fd .
DEBUG: ran clean --force -d . in 
DEBUG: LC_ALL=C JX_LOG_LEVEL=error git merge f949c6b59ca5c62aded102a13fc175f6ad6b58f3
DEBUG: ran git merge f949c6b59ca5c62aded102a13fc175f6ad6b58f3 in 
DEBUG: LC_ALL=C JX_LOG_LEVEL=error git log --format=%H%x1f%an%x1f%ae%x1f%cn%x1f%ce%x1f%s%n%b%x1e 38e2f7baead61ba27aff44640481f7f047eb7ef1..HEAD
Merged SHA f949c6b59ca5c62aded102a13fc175f6ad6b58f3 with commit message 'My first PR commit' into base branch master

Showing logs for build [32mcb-kubecd-bdd-gh-1583728951-pr-gnlzr-1[0m stage [32mfrom-build-pack[0m and container [32mstep-build-make-linux[0m
CGO_ENABLED=0 GOOS=linux GOARCH=amd64 GO15VENDOREXPERIMENT=1 go build -ldflags '' -o bin/bdd-gh-1583728951 main.go

Showing logs for build [32mcb-kubecd-bdd-gh-1583728951-pr-gnlzr-1[0m stage [32mfrom-build-pack[0m and container [32mstep-build-container-build[0m
[36mINFO[0m[0000] No base image, nothing to extract            
[36mINFO[0m[0000] cmd: EXPOSE                                  
[36mINFO[0m[0000] Adding exposed port: 8080/tcp                
[36mINFO[0m[0000] Using files from context: [/workspace/source/bin] 
[36mINFO[0m[0000] Skipping unpacking as no commands require it. 
[36mINFO[0m[0000] Taking snapshot of full filesystem...        
[36mINFO[0m[0000] EXPOSE 8080                                  
[36mINFO[0m[0000] cmd: EXPOSE                                  
[36mINFO[0m[0000] Adding exposed port: 8080/tcp                
[36mINFO[0m[0000] No files changed in this command, skipping snapshotting. 
[36mINFO[0m[0000] ENTRYPOINT ["/bdd-gh-1583728951"]            
[36mINFO[0m[0000] No files changed in this command, skipping snapshotting. 
[36mINFO[0m[0000] Using files from context: [/workspace/source/bin] 
[36mINFO[0m[0000] COPY ./bin/ /                                
[36mINFO[0m[0000] Taking snapshot of files...                  
2020/03/09 04:58:17 pushed blob: sha256:3e7c1b6b088250babd3f9fe71270a74d94a26bb9533b1e6a871040e98fc80b38
2020/03/09 04:58:18 pushed blob: sha256:5bf9afe39dcd9604e6f445b6e6e92279dcf644a9d9a92240dbf48f6237621b0f
2020/03/09 04:58:20 gcr.io/jenkins-x-bdd3/bdd-gh-1583728951:0.0.0-SNAPSHOT-PR-1-1: digest: sha256:11b2381fbfc0a5834ff8c8dbb8ce0b6baac4c8b12e685c544ea315a50efb5635 size: 428

Showing logs for build [32mcb-kubecd-bdd-gh-1583728951-pr-gnlzr-1[0m stage [32mfrom-build-pack[0m and container [32mstep-postbuild-post-build[0m
no CVE provider running in the current ** namespace so skip adding image to be analysed

Showing logs for build [32mcb-kubecd-bdd-gh-1583728951-pr-gnlzr-1[0m stage [32mfrom-build-pack[0m and container [32mstep-promote-make-preview[0m
sed -i -e "s/version:.*/version: 0.0.0-SNAPSHOT-PR-1-1/" Chart.yaml
sed -i -e "s/version:.*/version: 0.0.0-SNAPSHOT-PR-1-1/" ../*/Chart.yaml
sed -i -e "s|repository:.*|repository: gcr.io\/jenkins-x-bdd3\/bdd-gh-1583728951|" values.yaml
sed -i -e "s/tag:.*/tag: 0.0.0-SNAPSHOT-PR-1-1/" values.yaml
echo "  version: 0.0.0-SNAPSHOT-PR-1-1" >> requirements.yaml
** step helm build
WARNING: No $CHART_REPOSITORY defined so using the default value of: http://jenkins-x-chartmuseum:8080
Adding missing Helm repo: storage.googleapis.com https://storage.googleapis.com/chartmuseum.jenkins-x.io
WARNING: No secrets found on "helm/repos" due: reading the secret "helm/repos" from vault: no secret "helm/repos" not found in vault
Read credentials for https://storage.googleapis.com/chartmuseum.jenkins-x.io from vault helm/repos
Successfully added Helm repository storage.googleapis.com.
Adding missing Helm repo: jenkins-x-chartmuseum http://jenkins-x-chartmuseum:8080
WARNING: No secrets found on "helm/repos" due: reading the secret "helm/repos" from vault: no secret "helm/repos" not found in vault
Read credentials for http://jenkins-x-chartmuseum:8080 from vault helm/repos
Successfully added Helm repository jenkins-x-chartmuseum.
WARNING: No $CHART_REPOSITORY defined so using the default value of: http://jenkins-x-chartmuseum:8080
Adding missing Helm repo: chartmuseum.jenkins-x.io http://chartmuseum.jenkins-x.io
WARNING: No secrets found on "helm/repos" due: reading the secret "helm/repos" from vault: no secret "helm/repos" not found in vault
Read credentials for http://chartmuseum.jenkins-x.io from vault helm/repos
Successfully added Helm repository chartmuseum.jenkins-x.io.

Showing logs for build [32mcb-kubecd-bdd-gh-1583728951-pr-gnlzr-1[0m stage [32mfrom-build-pack[0m and container [32mstep-promote-jx-preview[0m
Creating a preview
Created environment cb-kubecd-bdd-gh-1583728951-pr-1
Namespace **-cb-kubecd-bdd-gh-1583728951-pr-1 created 
expose:
  Annotations:
    helm.sh/hook: post-install,post-upgrade
    helm.sh/hook-delete-policy: hook-succeeded
  config:
    domain: 35.195.140.142.nip.io
    exposer: Ingress
    http: "true"
preview:
  image:
    repository: gcr.io/jenkins-x-bdd3/bdd-gh-1583728951
    tag: 0.0.0-SNAPSHOT-PR-1-1

Updating PipelineActivities cb-kubecd-bdd-gh-1583728951-pr-1-1 which has status Running
Preview application is now available at: http://bdd-gh-1583728951.**-cb-kubecd-bdd-gh-1583728951-pr-1.35.195.140.142.nip.io
